mode: set
goikga/pga/jacobian.go:9.66,13.2 3 0
goikga/pga/jacobian.go:15.41,17.2 1 0
goikga/pga/motor.go:19.33,19.60 1 0
goikga/pga/motor.go:21.32,28.2 1 0
goikga/pga/motor.go:30.27,30.65 1 0
goikga/pga/motor.go:32.30,32.89 1 0
goikga/pga/motor.go:34.32,36.12 2 0
goikga/pga/motor.go:36.12,38.3 1 0
goikga/pga/motor.go:39.2,39.38 1 0
goikga/pga/motor.go:42.24,42.57 1 0
goikga/pga/motor.go:51.23,51.75 1 0
goikga/pga/motor.go:54.49,60.2 5 0
goikga/pga/motor.go:63.31,66.2 1 0
goikga/pga/motor.go:70.64,84.2 6 0
goikga/pga/motor.go:87.35,93.2 4 0
goikga/pga/motor.go:96.28,101.2 3 0
goikga/pga/motor.go:104.38,112.2 5 0
goikga/pga/motor.go:115.36,118.2 2 0
goikga/pga/point.go:8.30,8.54 1 0
goikga/pga/point.go:10.37,10.85 1 0
goikga/pga/point.go:11.37,11.85 1 0
goikga/pga/point.go:12.37,12.79 1 0
goikga/pga/point.go:14.35,14.73 1 0
goikga/pga/point.go:15.34,21.2 1 0
goikga/pga/point.go:22.30,22.60 1 0
goikga/pga/point.go:24.33,26.12 2 0
goikga/pga/point.go:26.12,28.3 1 0
goikga/pga/point.go:29.2,29.25 1 0
goikga/pga/point.go:31.26,31.59 1 0
goikga/cga/cga.go:26.49,26.84 1 0
goikga/cga/cga.go:27.49,27.97 1 0
goikga/cga/cga.go:28.49,28.87 1 0
goikga/cga/cga.go:29.64,31.2 1 0
goikga/cga/cga.go:33.35,33.68 1 0
goikga/cga/cga.go:34.35,34.65 1 0
goikga/cga/cga.go:36.38,36.64 1 0
goikga/cga/cga.go:37.38,37.62 1 0
goikga/examples/hexapod_leg/main.go:10.13,50.2 19 0
